[debug] [2025-04-26T01:17:17.765Z] ----------------------------------------------------------------------
[debug] [2025-04-26T01:17:17.771Z] Command:       C:\Program Files\nodejs\node.exe C:\Users\CHILD\AppData\Roaming\npm\node_modules\firebase-tools\lib\bin\firebase.js login
[debug] [2025-04-26T01:17:17.772Z] CLI Version:   14.2.1
[debug] [2025-04-26T01:17:17.773Z] Platform:      win32
[debug] [2025-04-26T01:17:17.773Z] Node Version:  v22.11.0
[debug] [2025-04-26T01:17:17.774Z] Time:          Sat Apr 26 2025 01:17:17 GMT+0000 (heure moyenne de Greenwich)
[debug] [2025-04-26T01:17:17.774Z] ----------------------------------------------------------------------
[debug] 
[info] i  Firebase optionally collects CLI and Emulator Suite usage and error reporting information to help improve our products. Data is collected in accordance with Google's privacy policy (https://policies.google.com/privacy) and is not used to identify you.
 
[info] i  To change your data collection preference at any time, run `firebase logout` and log in again. 
[info] 
[info] Visit this URL on this device to log in:
[info] https://accounts.google.com/o/oauth2/auth?client_id=563584335869-fgrhgmd47bqnekij5i8b5pr03ho849e6.apps.googleusercontent.com&scope=email%20openid%20https%3A%2F%2Fwww.googleapis.com%2Fauth%2Fcloudplatformprojects.readonly%20https%3A%2F%2Fwww.googleapis.com%2Fauth%2Ffirebase%20https%3A%2F%2Fwww.googleapis.com%2Fauth%2Fcloud-platform&response_type=code&state=111681609&redirect_uri=http%3A%2F%2Flocalhost%3A9005
[info] 
[info] Waiting for authentication...
[debug] [2025-04-26T01:17:18.451Z] Unable to open URL: Error: spawn UNKNOWN
    at ChildProcess.spawn (node:internal/child_process:420:11)
    at Object.spawn (node:child_process:759:9)
    at module.exports (C:\Users\CHILD\AppData\Roaming\npm\node_modules\firebase-tools\node_modules\open\index.js:114:34)
    at open (C:\Users\CHILD\AppData\Roaming\npm\node_modules\firebase-tools\lib\auth.js:136:5)
    at Server.<anonymous> (C:\Users\CHILD\AppData\Roaming\npm\node_modules\firebase-tools\lib\auth.js:371:13)
    at Object.onceWrapper (node:events:632:28)
    at Server.emit (node:events:530:35)
    at Server.emit (node:domain:489:12)
    at emitListeningNT (node:net:1950:10)
    at process.processTicksAndRejections (node:internal/process/task_queues:89:21)
